#
# A fatal error has been detected by the Java Runtime Environment:
#
#  EXCEPTION_ACCESS_VIOLATION (0xc0000005) at pc=0x000000002aba2720, pid=10808, tid=0x00000000000021d4
#
# JRE version: OpenJDK Runtime Environment (8.0_152-b01) (build 1.8.0_152-release-915-b01)
# Java VM: OpenJDK 64-Bit Server VM (25.152-b01 mixed mode windows-amd64 compressed oops)
# Problematic frame:
# C  0x000000002aba2720
#
# Failed to write core dump. Minidumps are not enabled by default on client versions of Windows
#
# If you would like to submit a bug report, please visit:
#   http://bugreport.java.com/bugreport/crash.jsp
# The crash happened outside the Java Virtual Machine in native code.
# See problematic frame for where to report the bug.
#

---------------  T H R E A D  ---------------

Current thread (0x000000000246d000):  JavaThread "Finalizer" daemon [_thread_in_native, id=8660, stack(0x0000000017040000,0x0000000017140000)]

siginfo: ExceptionCode=0xc0000005, ExceptionInformation=0x0000000000000008 0x000000002aba2720

Registers:
RAX=0x000000002aba2720, RBX=0x000000002aa30158, RCX=0x000000000246d1e0, RDX=0x000000001713eea8
RSP=0x000000001713ede8, RBP=0x000000001713ee78, RSI=0x00000000a68f6948, RDI=0x0000000011330000
R8 =0x0000000000000000, R9 =0x00000000a46524a8, R10=0x000000000248878b, R11=0x0000000071963d50
R12=0x0000000000000000, R13=0x000000002aa30158, R14=0x000000001713eea8, R15=0x000000000246d000
RIP=0x000000002aba2720, EFLAGS=0x0000000000010283

Top of Stack: (sp=0x000000001713ede8)
0x000000001713ede8:   00000000024887b7 00000000000000b6
0x000000001713edf8:   000000001713eeb0 0000000000000118
0x000000001713ee08:   000000000246d000 000000001713eeb0
0x000000001713ee18:   000000007197574a 0000000015dc88b8
0x000000001713ee28:   0000000000000000 00000000a46524a8
0x000000001713ee38:   000000001713ee28 0000000000000000
0x000000001713ee48:   000000001713eea8 000000002aa61ad0
0x000000001713ee58:   0000000000000000 000000002aa30158
0x000000001713ee68:   0000000000000000 000000001713ee98
0x000000001713ee78:   000000001713ef10 0000000002477ae0
0x000000001713ee88:   0000000000000000 0000000002481716
0x000000001713ee98:   0000000000000000 00000000a68f69b8
0x000000001713eea8:   00000000a46524a8 0000000000000001
0x000000001713eeb8:   00000000a46524e0 0000000000000001
0x000000001713eec8:   00000000a46524a8 000000001713eeb0
0x000000001713eed8:   000000002aa2bb21 000000001713ef48 

Instructions: (pc=0x000000002aba2720)
0x000000002aba2700:   
[error occurred during error reporting (printing registers, top of stack, instructions near pc), id 0xc0000005]

Register to memory mapping:

RAX=0x000000002aba2720 is an unknown value
RBX={method} {0x000000002aa30160} 'finalize' '(J)I' in 'org/sqlite/core/NativeDB'
RCX=0x000000000246d1e0 is an unknown value
RDX=0x000000001713eea8 is pointing into the stack for thread: 0x000000000246d000
RSP=0x000000001713ede8 is pointing into the stack for thread: 0x000000000246d000
RBP=0x000000001713ee78 is pointing into the stack for thread: 0x000000000246d000
RSI=0x00000000a68f6948 is an oop
[Ljava.util.HashMap$Node; 
 - klass: 'java/util/HashMap$Node'[]
 - length: 16
RDI=0x0000000011330000 is an unknown value
R8 =0x0000000000000000 is an unknown value
R9 =0x00000000a46524a8 is an oop
org.sqlite.core.NativeDB 
 - klass: 'org/sqlite/core/NativeDB'
R10=0x000000000248878b is at code_begin+1227 in an Interpreter codelet
method entry point (kind = native_synchronized)  [0x00000000024882c0, 0x0000000002488da0]  2784 bytes
R11=0x0000000071963d50 is an unknown value
R12=0x0000000000000000 is an unknown value
R13={method} {0x000000002aa30160} 'finalize' '(J)I' in 'org/sqlite/core/NativeDB'
R14=0x000000001713eea8 is pointing into the stack for thread: 0x000000000246d000
R15=0x000000000246d000 is a thread


Stack: [0x0000000017040000,0x0000000017140000],  sp=0x000000001713ede8,  free space=1019k
Native frames: (J=compiled Java code, j=interpreted, Vv=VM code, C=native code)
C  0x000000002aba2720

Java frames: (J=compiled Java code, j=interpreted, Vv=VM code)
j  org.sqlite.core.NativeDB.finalize(J)I+0
j  org.sqlite.core.DB.close()V+65
j  org.sqlite.core.CoreConnection.close()V+26
j  org.sqlite.core.CoreConnection.finalize()V+1
J 28068% C2 java.lang.ref.Finalizer$FinalizerThread.run()V (55 bytes) @ 0x00000000056809a8 [0x00000000056806e0+0x2c8]
v  ~StubRoutines::call_stub

---------------  P R O C E S S  ---------------

Java Threads: ( => current thread )
  0x000000001b0cf000 JavaThread "Cache worker for Java compile cache (E:\MKT\Work_on_myself\AndroidProjects\.gradle\4.1\javaCompile)" [_thread_blocked, id=6336, stack(0x0000000028b70000,0x0000000028c70000)]
  0x000000001b0c9800 JavaThread "Task worker for ':' Thread 3" [_thread_blocked, id=6540, stack(0x0000000028a70000,0x0000000028b70000)]
  0x000000001b0cc000 JavaThread "Task worker for ':' Thread 2" [_thread_blocked, id=6544, stack(0x0000000028970000,0x0000000028a70000)]
  0x000000001b0ca800 JavaThread "Task worker for ':'" [_thread_in_vm, id=8060, stack(0x0000000028730000,0x0000000028830000)]
  0x000000001e828000 JavaThread "Cache worker for task history cache (E:\MKT\Work_on_myself\AndroidProjects\.gradle\4.1\taskHistory)" [_thread_blocked, id=11408, stack(0x0000000023f00000,0x0000000024000000)]
  0x000000001e827000 JavaThread "Cache worker for file content cache (E:\MKT\Work_on_myself\AndroidProjects\.gradle\4.1\fileContent)" [_thread_blocked, id=9484, stack(0x00000000239c0000,0x0000000023ac0000)]
  0x000000001e826800 JavaThread "build operations Thread 4" [_thread_blocked, id=10492, stack(0x0000000022d20000,0x0000000022e20000)]
  0x000000001e821800 JavaThread "build operations Thread 3" [_thread_blocked, id=3556, stack(0x0000000022800000,0x0000000022900000)]
  0x000000001e824800 JavaThread "build operations Thread 2" [_thread_blocked, id=4624, stack(0x0000000021330000,0x0000000021430000)]
  0x000000001e821000 JavaThread "build operations" [_thread_blocked, id=8716, stack(0x00000000205e0000,0x00000000206e0000)]
  0x000000001e823000 JavaThread "Cache worker for Artifact transforms cache (C:\Users\pc\.gradle\caches\transforms-1)" [_thread_blocked, id=7748, stack(0x000000001f850000,0x000000001f950000)]
  0x000000001e81d000 JavaThread "Cache worker for file hash cache (E:\MKT\Work_on_myself\AndroidProjects\.gradle\4.1\fileHashes)" [_thread_blocked, id=9724, stack(0x000000001b8d0000,0x000000001b9d0000)]
  0x000000001e81e000 JavaThread "Stdin handler" [_thread_blocked, id=1372, stack(0x000000001a400000,0x000000001a500000)]
  0x000000001e81f800 JavaThread "Asynchronous log dispatcher for DefaultDaemonConnection: socket connection from /127.0.0.1:6153 to /127.0.0.1:8999" [_thread_blocked, id=8044, stack(0x000000001a300000,0x000000001a400000)]
  0x000000001e819800 JavaThread "Daemon worker Thread 45" [_thread_blocked, id=5644, stack(0x000000001a200000,0x000000001a300000)]
  0x000000001e81a000 JavaThread "Cancel handler" [_thread_blocked, id=9212, stack(0x000000001a100000,0x000000001a200000)]
  0x000000001e81c800 JavaThread "Handler for socket connection from /127.0.0.1:6153 to /127.0.0.1:8999" [_thread_in_native, id=7976, stack(0x0000000019e00000,0x0000000019f00000)]
  0x000000001e81b800 JavaThread "Daemon Thread 45" [_thread_blocked, id=3596, stack(0x0000000019d00000,0x0000000019e00000)]
  0x000000001e81e800 JavaThread "Java2D Disposer" daemon [_thread_blocked, id=3780, stack(0x0000000024a70000,0x0000000024b70000)]
  0x00000000193be800 JavaThread "Memory manager" [_thread_blocked, id=3864, stack(0x00000000204e0000,0x00000000205e0000)]
  0x0000000017ff1000 JavaThread "File lock request listener" [_thread_in_native, id=9632, stack(0x000000001a800000,0x000000001a900000)]
  0x0000000018b0f800 JavaThread "Cache worker for file hash cache (C:\Users\pc\.gradle\caches\4.1\fileHashes)" [_thread_blocked, id=2928, stack(0x000000001a500000,0x000000001a600000)]
  0x00000000178ee000 JavaThread "Daemon periodic checks" [_thread_blocked, id=11128, stack(0x0000000019c00000,0x0000000019d00000)]
  0x00000000178da000 JavaThread "Incoming local TCP Connector on port 6153" [_thread_in_native, id=6644, stack(0x00000000199f0000,0x0000000019af0000)]
  0x0000000015e3c000 JavaThread "Service Thread" daemon [_thread_blocked, id=3996, stack(0x0000000017b40000,0x0000000017c40000)]
  0x0000000015dea000 JavaThread "C1 CompilerThread2" daemon [_thread_blocked, id=7116, stack(0x0000000017640000,0x0000000017740000)]
  0x0000000015de1800 JavaThread "C2 CompilerThread1" daemon [_thread_blocked, id=9040, stack(0x0000000017540000,0x0000000017640000)]
  0x0000000015dd9800 JavaThread "C2 CompilerThread0" daemon [_thread_blocked, id=11164, stack(0x0000000017440000,0x0000000017540000)]
  0x0000000015de8000 JavaThread "Attach Listener" daemon [_thread_blocked, id=11092, stack(0x0000000017340000,0x0000000017440000)]
  0x0000000015de6800 JavaThread "Signal Dispatcher" daemon [_thread_blocked, id=756, stack(0x0000000017240000,0x0000000017340000)]
=>0x000000000246d000 JavaThread "Finalizer" daemon [_thread_in_native, id=8660, stack(0x0000000017040000,0x0000000017140000)]
  0x0000000002461800 JavaThread "Reference Handler" daemon [_thread_blocked, id=11396, stack(0x0000000016f40000,0x0000000017040000)]
  0x000000000232e800 JavaThread "main" [_thread_blocked, id=12024, stack(0x0000000002190000,0x0000000002290000)]

Other Threads:
  0x0000000015da6000 VMThread [stack: 0x0000000016e40000,0x0000000016f40000] [id=8680]
  0x0000000015e3e000 WatcherThread [stack: 0x0000000017c40000,0x0000000017d40000] [id=11760]

VM state:not at safepoint (normal execution)

VM Mutex/Monitor currently owned by a thread: None

Heap:
 PSYoungGen      total 261120K, used 2085K [0x00000000e0000000, 0x00000000f7100000, 0x0000000100000000)
  eden space 197632K, 1% used [0x00000000e0000000,0x00000000e02096f8,0x00000000ec100000)
  from space 63488K, 0% used [0x00000000ec100000,0x00000000ec100000,0x00000000eff00000)
  to   space 75776K, 0% used [0x00000000f2700000,0x00000000f2700000,0x00000000f7100000)
 ParOldGen       total 271360K, used 129618K [0x00000000a0000000, 0x00000000b0900000, 0x00000000e0000000)
  object space 271360K, 47% used [0x00000000a0000000,0x00000000a7e94ab8,0x00000000b0900000)
 Metaspace       used 125335K, capacity 136524K, committed 139496K, reserved 1169408K
  class space    used 15324K, capacity 18405K, committed 19072K, reserved 1048576K

Card table byte_map: [0x0000000011830000,0x0000000011b40000] byte_map_base: 0x0000000011330000

Marking Bits: (ParMarkBitMap*) 0x0000000071f23950
 Begin Bits: [0x0000000012140000, 0x0000000013940000)
 End Bits:   [0x0000000013940000, 0x0000000015140000)

Polling page: 0x0000000000850000

CodeCache: size=245760Kb used=89880Kb max_used=89971Kb free=155879Kb
 bounds [0x0000000002470000, 0x0000000007d00000, 0x0000000011470000]
 total_blobs=24826 nmethods=23829 adapters=907
 compilation: enabled

Compilation events (10 events):
Event: 34340.002 Thread 0x0000000015dea000 32807       1       org.antlr.v4.runtime.atn.RuleTransition::isEpsilon (2 bytes)
Event: 34340.003 Thread 0x0000000015dea000 nmethod 32807 0x00000000071117d0 code [0x0000000007111920, 0x0000000007111a30]
Event: 34340.003 Thread 0x0000000015dea000 32808       3       org.antlr.v4.runtime.atn.RuleTransition::<init> (22 bytes)
Event: 34340.004 Thread 0x0000000015dea000 nmethod 32808 0x0000000003ae6a50 code [0x0000000003ae6be0, 0x0000000003ae6f48]
Event: 34340.005 Thread 0x0000000015dea000 32811       3       org.antlr.v4.runtime.atn.ATNDeserializer::checkCondition (7 bytes)
Event: 34340.006 Thread 0x0000000015dea000 nmethod 32811 0x0000000003ae6510 code [0x0000000003ae6680, 0x0000000003ae6928]
Event: 34340.006 Thread 0x0000000015dea000 32812       3       org.antlr.v4.runtime.atn.ATNDeserializer::checkCondition (14 bytes)
Event: 34340.007 Thread 0x0000000015dea000 nmethod 32812 0x0000000004c35690 code [0x0000000004c35800, 0x0000000004c35a48]
Event: 34340.007 Thread 0x0000000015dea000 32813       1       org.antlr.v4.runtime.atn.ATNState::onlyHasEpsilonTransitions (5 bytes)
Event: 34340.008 Thread 0x0000000015dea000 nmethod 32813 0x0000000007c71710 code [0x0000000007c71860, 0x0000000007c71970]

GC Heap History (10 events):
Event: 32191.138 GC heap before
{Heap before GC invocations=94 (full 4):
 PSYoungGen      total 263168K, used 263144K [0x00000000e0000000, 0x00000000f4e80000, 0x0000000100000000)
  eden space 217088K, 100% used [0x00000000e0000000,0x00000000ed400000,0x00000000ed400000)
  from space 46080K, 99% used [0x00000000ed400000,0x00000000f00fa378,0x00000000f0100000)
  to   space 52736K, 0% used [0x00000000f1b00000,0x00000000f1b00000,0x00000000f4e80000)
 ParOldGen       total 188928K, used 153991K [0x00000000a0000000, 0x00000000ab880000, 0x00000000e0000000)
  object space 188928K, 81% used [0x00000000a0000000,0x00000000a9661fb0,0x00000000ab880000)
 Metaspace       used 117195K, capacity 129482K, committed 129752K, reserved 1161216K
  class space    used 14526K, capacity 17861K, committed 17920K, reserved 1048576K
Event: 32191.182 GC heap after
Heap after GC invocations=94 (full 4):
 PSYoungGen      total 253440K, used 42784K [0x00000000e0000000, 0x00000000f4500000, 0x0000000100000000)
  eden space 210432K, 0% used [0x00000000e0000000,0x00000000e0000000,0x00000000ecd80000)
  from space 43008K, 99% used [0x00000000f1b00000,0x00000000f44c8040,0x00000000f4500000)
  to   space 56832K, 0% used [0x00000000ed600000,0x00000000ed600000,0x00000000f0d80000)
 ParOldGen       total 188928K, used 154055K [0x00000000a0000000, 0x00000000ab880000, 0x00000000e0000000)
  object space 188928K, 81% used [0x00000000a0000000,0x00000000a9671fb0,0x00000000ab880000)
 Metaspace       used 117195K, capacity 129482K, committed 129752K, reserved 1161216K
  class space    used 14526K, capacity 17861K, committed 17920K, reserved 1048576K
}
Event: 34270.460 GC heap before
{Heap before GC invocations=95 (full 4):
 PSYoungGen      total 253440K, used 253216K [0x00000000e0000000, 0x00000000f4500000, 0x0000000100000000)
  eden space 210432K, 100% used [0x00000000e0000000,0x00000000ecd80000,0x00000000ecd80000)
  from space 43008K, 99% used [0x00000000f1b00000,0x00000000f44c8040,0x00000000f4500000)
  to   space 56832K, 0% used [0x00000000ed600000,0x00000000ed600000,0x00000000f0d80000)
 ParOldGen       total 188928K, used 154055K [0x00000000a0000000, 0x00000000ab880000, 0x00000000e0000000)
  object space 188928K, 81% used [0x00000000a0000000,0x00000000a9671fb0,0x00000000ab880000)
 Metaspace       used 117244K, capacity 129602K, committed 129752K, reserved 1161216K
  class space    used 14537K, capacity 17901K, committed 17920K, reserved 1048576K
Event: 34270.627 GC heap after
Heap after GC invocations=95 (full 4):
 PSYoungGen      total 247808K, used 43836K [0x00000000e0000000, 0x00000000f3c00000, 0x0000000100000000)
  eden space 203776K, 0% used [0x00000000e0000000,0x00000000e0000000,0x00000000ec700000)
  from space 44032K, 99% used [0x00000000ed600000,0x00000000f00cf070,0x00000000f0100000)
  to   space 59904K, 0% used [0x00000000f0180000,0x00000000f0180000,0x00000000f3c00000)
 ParOldGen       total 188928K, used 154055K [0x00000000a0000000, 0x00000000ab880000, 0x00000000e0000000)
  object space 188928K, 81% used [0x00000000a0000000,0x00000000a9671fb0,0x00000000ab880000)
 Metaspace       used 117244K, capacity 129602K, committed 129752K, reserved 1161216K
  class space    used 14537K, capacity 17901K, committed 17920K, reserved 1048576K
}
Event: 34335.114 GC heap before
{Heap before GC invocations=96 (full 4):
 PSYoungGen      total 247808K, used 247612K [0x00000000e0000000, 0x00000000f3c00000, 0x0000000100000000)
  eden space 203776K, 100% used [0x00000000e0000000,0x00000000ec700000,0x00000000ec700000)
  from space 44032K, 99% used [0x00000000ed600000,0x00000000f00cf070,0x00000000f0100000)
  to   space 59904K, 0% used [0x00000000f0180000,0x00000000f0180000,0x00000000f3c00000)
 ParOldGen       total 188928K, used 154055K [0x00000000a0000000, 0x00000000ab880000, 0x00000000e0000000)
  object space 188928K, 81% used [0x00000000a0000000,0x00000000a9671fb0,0x00000000ab880000)
 Metaspace       used 122530K, capacity 135014K, committed 135256K, reserved 1165312K
  class space    used 15144K, capacity 18557K, committed 18560K, reserved 1048576K
Event: 34335.276 GC heap after
Heap after GC invocations=96 (full 4):
 PSYoungGen      total 257536K, used 47432K [0x00000000e0000000, 0x00000000f3d00000, 0x0000000100000000)
  eden space 197632K, 0% used [0x00000000e0000000,0x00000000e0000000,0x00000000ec100000)
  from space 59904K, 79% used [0x00000000f0180000,0x00000000f2fd2220,0x00000000f3c00000)
  to   space 63488K, 0% used [0x00000000ec100000,0x00000000ec100000,0x00000000eff00000)
 ParOldGen       total 188928K, used 154063K [0x00000000a0000000, 0x00000000ab880000, 0x00000000e0000000)
  object space 188928K, 81% used [0x00000000a0000000,0x00000000a9673fb0,0x00000000ab880000)
 Metaspace       used 122530K, capacity 135014K, committed 135256K, reserved 1165312K
  class space    used 15144K, capacity 18557K, committed 18560K, reserved 1048576K
}
Event: 34340.120 GC heap before
{Heap before GC invocations=97 (full 4):
 PSYoungGen      total 257536K, used 237042K [0x00000000e0000000, 0x00000000f3d00000, 0x0000000100000000)
  eden space 197632K, 95% used [0x00000000e0000000,0x00000000eb92a768,0x00000000ec100000)
  from space 59904K, 79% used [0x00000000f0180000,0x00000000f2fd2220,0x00000000f3c00000)
  to   space 63488K, 0% used [0x00000000ec100000,0x00000000ec100000,0x00000000eff00000)
 ParOldGen       total 188928K, used 154063K [0x00000000a0000000, 0x00000000ab880000, 0x00000000e0000000)
  object space 188928K, 81% used [0x00000000a0000000,0x00000000a9673fb0,0x00000000ab880000)
 Metaspace       used 126632K, capacity 139122K, committed 139240K, reserved 1169408K
  class space    used 15588K, capacity 19013K, committed 19072K, reserved 1048576K
Event: 34340.588 GC heap after
Heap after GC invocations=97 (full 4):
 PSYoungGen      total 261120K, used 63457K [0x00000000e0000000, 0x00000000f7100000, 0x0000000100000000)
  eden space 197632K, 0% used [0x00000000e0000000,0x00000000e0000000,0x00000000ec100000)
  from space 63488K, 99% used [0x00000000ec100000,0x00000000efef85d0,0x00000000eff00000)
  to   space 75776K, 0% used [0x00000000f2700000,0x00000000f2700000,0x00000000f7100000)
 ParOldGen       total 188928K, used 162435K [0x00000000a0000000, 0x00000000ab880000, 0x00000000e0000000)
  object space 188928K, 85% used [0x00000000a0000000,0x00000000a9ea0c18,0x00000000ab880000)
 Metaspace       used 126632K, capacity 139122K, committed 139240K, reserved 1169408K
  class space    used 15588K, capacity 19013K, committed 19072K, reserved 1048576K
}
Event: 34340.589 GC heap before
{Heap before GC invocations=98 (full 5):
 PSYoungGen      total 261120K, used 63457K [0x00000000e0000000, 0x00000000f7100000, 0x0000000100000000)
  eden space 197632K, 0% used [0x00000000e0000000,0x00000000e0000000,0x00000000ec100000)
  from space 63488K, 99% used [0x00000000ec100000,0x00000000efef85d0,0x00000000eff00000)
  to   space 75776K, 0% used [0x00000000f2700000,0x00000000f2700000,0x00000000f7100000)
 ParOldGen       total 188928K, used 162435K [0x00000000a0000000, 0x00000000ab880000, 0x00000000e0000000)
  object space 188928K, 85% used [0x00000000a0000000,0x00000000a9ea0c18,0x00000000ab880000)
 Metaspace       used 126632K, capacity 139122K, committed 139240K, reserved 1169408K
  class space    used 15588K, capacity 19013K, committed 19072K, reserved 1048576K
Event: 34343.003 GC heap after
Heap after GC invocations=98 (full 5):
 PSYoungGen      total 261120K, used 0K [0x00000000e0000000, 0x00000000f7100000, 0x0000000100000000)
  eden space 197632K, 0% used [0x00000000e0000000,0x00000000e0000000,0x00000000ec100000)
  from space 63488K, 0% used [0x00000000ec100000,0x00000000ec100000,0x00000000eff00000)
  to   space 75776K, 0% used [0x00000000f2700000,0x00000000f2700000,0x00000000f7100000)
 ParOldGen       total 271360K, used 129618K [0x00000000a0000000, 0x00000000b0900000, 0x00000000e0000000)
  object space 271360K, 47% used [0x00000000a0000000,0x00000000a7e94ab8,0x00000000b0900000)
 Metaspace       used 124993K, capacity 136140K, committed 139240K, reserved 1169408K
  class space    used 15249K, capacity 18341K, committed 19072K, reserved 1048576K
}

Deoptimization events (10 events):
Event: 34272.022 Thread 0x000000001e819800 Uncommon trap: reason=unstable_if action=reinterpret pc=0x0000000005530ad4 method=com.sun.tools.javac.parser.JavacParser.term1()Lcom/sun/tools/javac/tree/JCTree$JCExpression; @ 24
Event: 34272.023 Thread 0x000000001e819800 Uncommon trap: reason=unstable_if action=reinterpret pc=0x000000000545d3d8 method=com.sun.tools.javac.parser.JavacParser.term1()Lcom/sun/tools/javac/tree/JCTree$JCExpression; @ 24
Event: 34272.328 Thread 0x000000001e819800 Uncommon trap: reason=bimorphic action=maybe_recompile pc=0x0000000005debe6c method=com.sun.tools.javac.code.Type$ClassType.isErroneous()Z @ 1
Event: 34272.328 Thread 0x000000001e819800 Uncommon trap: reason=bimorphic action=maybe_recompile pc=0x0000000005debe6c method=com.sun.tools.javac.code.Type$ClassType.isErroneous()Z @ 1
Event: 34272.334 Thread 0x000000001e819800 Uncommon trap: reason=bimorphic action=maybe_recompile pc=0x0000000005debe6c method=com.sun.tools.javac.code.Type$ClassType.isErroneous()Z @ 1
Event: 34273.080 Thread 0x000000001e819800 Uncommon trap: reason=unstable_if action=reinterpret pc=0x0000000002d87e44 method=org.sqlite.SQLiteJDBCLoader.contentsEquals(Ljava/io/InputStream;Ljava/io/InputStream;)Z @ 39
Event: 34273.617 Thread 0x000000001e819800 Uncommon trap: reason=class_check action=maybe_recompile pc=0x0000000006dfa1cc method=java.io.Writer.append(Ljava/lang/CharSequence;)Ljava/io/Writer; @ 15
Event: 34273.874 Thread 0x000000001e819800 Uncommon trap: reason=bimorphic action=maybe_recompile pc=0x0000000005debe6c method=com.sun.tools.javac.code.Type$ClassType.isErroneous()Z @ 1
Event: 34339.821 Thread 0x000000001b0ca800 Uncommon trap: reason=unstable_if action=reinterpret pc=0x000000000502ab84 method=org.sqlite.SQLiteJDBCLoader.contentsEquals(Ljava/io/InputStream;Ljava/io/InputStream;)Z @ 39
Event: 34343.013 Thread 0x000000000246d000 Uncommon trap: reason=unstable_if action=reinterpret pc=0x00000000036f4020 method=java.util.Vector.removeElementAt(I)V @ 75

Classes redefined (0 events):
No events

Internal exceptions (10 events):
Event: 34335.440 Thread 0x000000001e819800 Exception <a 'sun/nio/fs/WindowsException'> (0x00000000e0274b68) thrown at [D:\src\AOSP-openjdk-cygwin\jdk8u\hotspot\src\share\vm\prims\jni.cpp, line 709]
Event: 34335.441 Thread 0x000000001e819800 Exception <a 'sun/nio/fs/WindowsException'> (0x00000000e0275558) thrown at [D:\src\AOSP-openjdk-cygwin\jdk8u\hotspot\src\share\vm\prims\jni.cpp, line 709]
Event: 34335.441 Thread 0x000000001e819800 Exception <a 'sun/nio/fs/WindowsException'> (0x00000000e0277b30) thrown at [D:\src\AOSP-openjdk-cygwin\jdk8u\hotspot\src\share\vm\prims\jni.cpp, line 709]
Event: 34335.442 Thread 0x000000001e819800 Exception <a 'sun/nio/fs/WindowsException'> (0x00000000e0278520) thrown at [D:\src\AOSP-openjdk-cygwin\jdk8u\hotspot\src\share\vm\prims\jni.cpp, line 709]
Event: 34335.442 Thread 0x000000001e819800 Exception <a 'sun/nio/fs/WindowsException'> (0x00000000e027a1b0) thrown at [D:\src\AOSP-openjdk-cygwin\jdk8u\hotspot\src\share\vm\prims\jni.cpp, line 709]
Event: 34335.442 Thread 0x000000001e819800 Exception <a 'sun/nio/fs/WindowsException'> (0x00000000e027abb0) thrown at [D:\src\AOSP-openjdk-cygwin\jdk8u\hotspot\src\share\vm\prims\jni.cpp, line 709]
Event: 34335.443 Thread 0x000000001e819800 Exception <a 'sun/nio/fs/WindowsException'> (0x00000000e027da88) thrown at [D:\src\AOSP-openjdk-cygwin\jdk8u\hotspot\src\share\vm\prims\jni.cpp, line 709]
Event: 34335.444 Thread 0x000000001e819800 Exception <a 'sun/nio/fs/WindowsException'> (0x00000000e027e3c8) thrown at [D:\src\AOSP-openjdk-cygwin\jdk8u\hotspot\src\share\vm\prims\jni.cpp, line 709]
Event: 34335.444 Thread 0x000000001e819800 Exception <a 'sun/nio/fs/WindowsException'> (0x00000000e027fea0) thrown at [D:\src\AOSP-openjdk-cygwin\jdk8u\hotspot\src\share\vm\prims\jni.cpp, line 709]
Event: 34335.445 Thread 0x000000001e819800 Exception <a 'sun/nio/fs/WindowsException'> (0x00000000e0280800) thrown at [D:\src\AOSP-openjdk-cygwin\jdk8u\hotspot\src\share\vm\prims\jni.cpp, line 709]

Events (10 events):
Event: 34343.034 Executing VM operation: RevokeBias done
Event: 34343.035 loading class android/arch/persistence/room/parser/SQLiteParser$Pragma_nameContext
Event: 34343.035 loading class android/arch/persistence/room/parser/SQLiteParser$Pragma_nameContext done
Event: 34343.036 loading class android/arch/persistence/room/parser/SQLiteParser$Any_nameContext
Event: 34343.036 loading class android/arch/persistence/room/parser/SQLiteParser$Any_nameContext done
Event: 34343.037 loading class android/arch/persistence/room/parser/SQLiteParser$Sql_stmtContext
Event: 34343.037 loading class android/arch/persistence/room/parser/SQLiteParser$Sql_stmtContext done
Event: 34343.057 Executing VM operation: RevokeBias
Event: 34343.057 Executing VM operation: RevokeBias done
Event: 34343.058 loading class android/arch/persistence/room/parser/SQLiteParser$Type_nameContext


Dynamic libraries:
0x00007ff750f40000 - 0x00007ff750f71000 	C:\Program Files\Android\Android Studio\jre\bin\java.exe
0x00007ff87e930000 - 0x00007ff87eadc000 	C:\Windows\SYSTEM32\ntdll.dll
0x00007ff87c7c0000 - 0x00007ff87c8fe000 	C:\Windows\system32\KERNEL32.DLL
0x00007ff87bb50000 - 0x00007ff87bc65000 	C:\Windows\system32\KERNELBASE.dll
0x00007ff87df30000 - 0x00007ff87dfda000 	C:\Windows\system32\ADVAPI32.dll
0x00007ff87e650000 - 0x00007ff87e7c7000 	C:\Windows\system32\USER32.dll
0x00007ff8793a0000 - 0x00007ff87961b000 	C:\Windows\WinSxS\amd64_microsoft.windows.common-controls_6595b64144ccf1df_6.0.9600.17415_none_6240486fecbd8abb\COMCTL32.dll
0x00007ff87de20000 - 0x00007ff87deca000 	C:\Windows\system32\msvcrt.dll
0x00007ff87c0d0000 - 0x00007ff87c129000 	C:\Windows\SYSTEM32\sechost.dll
0x00007ff87e430000 - 0x00007ff87e571000 	C:\Windows\system32\RPCRT4.dll
0x00007ff87e7d0000 - 0x00007ff87e921000 	C:\Windows\system32\GDI32.dll
0x00007ff87bfb0000 - 0x00007ff87bfe6000 	C:\Windows\system32\IMM32.DLL
0x00007ff87c650000 - 0x00007ff87c7a2000 	C:\Windows\system32\MSCTF.dll
0x0000000071680000 - 0x0000000071752000 	C:\Program Files\Android\Android Studio\jre\jre\bin\msvcr100.dll
0x0000000071760000 - 0x0000000071f9e000 	C:\Program Files\Android\Android Studio\jre\jre\bin\server\jvm.dll
0x00007ff865610000 - 0x00007ff865619000 	C:\Windows\SYSTEM32\WSOCK32.dll
0x00007ff864ce0000 - 0x00007ff864d02000 	C:\Windows\SYSTEM32\WINMM.dll
0x00007ff878b80000 - 0x00007ff878b8a000 	C:\Windows\SYSTEM32\VERSION.dll
0x00007ff87c7b0000 - 0x00007ff87c7b7000 	C:\Windows\system32\PSAPI.DLL
0x00007ff87c5f0000 - 0x00007ff87c64a000 	C:\Windows\system32\WS2_32.dll
0x00007ff864cb0000 - 0x00007ff864cda000 	C:\Windows\SYSTEM32\WINMMBASE.dll
0x00007ff87e060000 - 0x00007ff87e069000 	C:\Windows\system32\NSI.dll
0x00007ff87bc70000 - 0x00007ff87bcbf000 	C:\Windows\SYSTEM32\cfgmgr32.dll
0x00007ff87a880000 - 0x00007ff87a8a8000 	C:\Windows\SYSTEM32\DEVOBJ.dll
0x00007ff8761c0000 - 0x00007ff8761cf000 	C:\Program Files\Android\Android Studio\jre\jre\bin\verify.dll
0x00007ff875fd0000 - 0x00007ff875ff9000 	C:\Program Files\Android\Android Studio\jre\jre\bin\java.dll
0x00007ff876180000 - 0x00007ff876196000 	C:\Program Files\Android\Android Studio\jre\jre\bin\zip.dll
0x00007ff87c900000 - 0x00007ff87de18000 	C:\Windows\system32\SHELL32.dll
0x00007ff87c310000 - 0x00007ff87c521000 	C:\Windows\SYSTEM32\combase.dll
0x00007ff87e210000 - 0x00007ff87e264000 	C:\Windows\system32\SHLWAPI.dll
0x00007ff87a280000 - 0x00007ff87a332000 	C:\Windows\SYSTEM32\SHCORE.dll
0x00007ff87ba80000 - 0x00007ff87ba95000 	C:\Windows\SYSTEM32\profapi.dll
0x00007ff8760e0000 - 0x00007ff8760fa000 	C:\Program Files\Android\Android Studio\jre\jre\bin\net.dll
0x00007ff87b290000 - 0x00007ff87b2e9000 	C:\Windows\system32\mswsock.dll
0x00007ff875fb0000 - 0x00007ff875fc1000 	C:\Program Files\Android\Android Studio\jre\jre\bin\nio.dll
0x00007ff875ba0000 - 0x00007ff875bbe000 	C:\Users\pc\.gradle\native\25\windows-amd64\native-platform.dll
0x00007ff8761b0000 - 0x00007ff8761bd000 	C:\Program Files\Android\Android Studio\jre\jre\bin\management.dll
0x00007ff87b2f0000 - 0x00007ff87b310000 	C:\Windows\SYSTEM32\CRYPTSP.dll
0x00007ff87af10000 - 0x00007ff87af46000 	C:\Windows\system32\rsaenh.dll
0x00007ff87b540000 - 0x00007ff87b566000 	C:\Windows\SYSTEM32\bcrypt.dll
0x00007ff87b020000 - 0x00007ff87b041000 	C:\Windows\SYSTEM32\USERENV.dll
0x00007ff87b880000 - 0x00007ff87b8e3000 	C:\Windows\system32\bcryptprimitives.dll
0x00007ff87b950000 - 0x00007ff87b95b000 	C:\Windows\SYSTEM32\CRYPTBASE.dll
0x00007ff876970000 - 0x00007ff87699a000 	C:\Windows\SYSTEM32\IPHLPAPI.DLL
0x00007ff876960000 - 0x00007ff87696a000 	C:\Windows\SYSTEM32\WINNSI.DLL
0x00007ff867e90000 - 0x00007ff867ea6000 	C:\Windows\SYSTEM32\dhcpcsvc6.DLL
0x00007ff8688d0000 - 0x00007ff8688ea000 	C:\Windows\SYSTEM32\dhcpcsvc.DLL
0x00007ff8748e0000 - 0x00007ff874a75000 	C:\Program Files\Android\Android Studio\jre\jre\bin\awt.dll
0x00007ff87e580000 - 0x00007ff87e641000 	C:\Windows\system32\OLEAUT32.dll
0x00007ff8764b0000 - 0x00007ff876931000 	C:\Windows\SYSTEM32\d2d1.dll
0x00007ff87a620000 - 0x00007ff87a6ae000 	C:\Windows\system32\apphelp.dll
0x00007ff87a080000 - 0x00007ff87a0a1000 	C:\Windows\system32\DWMAPI.DLL
0x00007ff87a740000 - 0x00007ff87a869000 	C:\Windows\system32\uxtheme.dll
0x00007ff876300000 - 0x00007ff876332000 	C:\Windows\SYSTEM32\ntmarta.dll
0x00007ff874d40000 - 0x00007ff874d64000 	C:\Program Files\Android\Android Studio\jre\jre\bin\sunec.dll
0x00007ff87b090000 - 0x00007ff87b134000 	C:\Windows\SYSTEM32\DNSAPI.dll
0x0000000073990000 - 0x00000000739b6000 	C:\Program Files\Bonjour\mdnsNSP.dll
0x00007ff850ac0000 - 0x00007ff850aca000 	C:\Windows\System32\rasadhlp.dll
0x00007ff8684b0000 - 0x00007ff86851b000 	C:\Windows\System32\fwpuclnt.dll
0x00007ff876250000 - 0x00007ff87625b000 	C:\Program Files\Android\Android Studio\jre\jre\bin\sunmscapi.dll
0x00007ff87bcc0000 - 0x00007ff87be9f000 	C:\Windows\system32\CRYPT32.dll
0x00007ff87bb30000 - 0x00007ff87bb41000 	C:\Windows\system32\MSASN1.dll
0x000000006adc0000 - 0x000000006aeb2000 	C:\Users\pc\AppData\Local\Temp\room-5738cacd-42c9-46ad-8371-c0abc4c1ae33\sqlite-3.20.1-773bbc4f-ed92-49cd-9b61-5cab1b93bbd1-sqlitejdbc.dll
0x000000002bca0000 - 0x000000002bd92000 	C:\Users\pc\AppData\Local\Temp\room-a1d473dc-3c35-4728-8c53-fd75fe200749\sqlite-3.20.1-47d5be3e-0527-4f1f-973a-4d37d6787f2c-sqlitejdbc.dll
0x00007ff875d90000 - 0x00007ff875f1a000 	C:\Windows\SYSTEM32\dbghelp.dll

VM Arguments:
jvm_args: -Xmx1536m -Dfile.encoding=windows-1252 -Duser.country=FR -Duser.language=fr -Duser.variant 
java_command: org.gradle.launcher.daemon.bootstrap.GradleDaemon 4.1
java_class_path (initial): C:\Users\pc\.gradle\wrapper\dists\gradle-4.1-all\bzyivzo6n839fup2jbap0tjew\gradle-4.1\lib\gradle-launcher-4.1.jar
Launcher Type: SUN_STANDARD

Environment Variables:
PATH=C:\Program Files\Microsoft MPI\Bin\;C:\ProgramData\Anaconda3;C:\ProgramData\Anaconda3\Library\mingw-w64\bin;C:\ProgramData\Anaconda3\Library\usr\bin;C:\ProgramData\Anaconda3\Library\bin;C:\ProgramData\Anaconda3\Scripts;C:\Anaconda3;C:\Anaconda3\Library\mingw-w64\bin;C:\Anaconda3\Library\usr\bin;C:\Anaconda3\Library\bin;C:\Anaconda3\Scripts;C:\Program Files (x86)\MiKTeX 2.9\miktex/bin;C:\oraclexe\app\oracle\product\11.2.0\server\bin;C:\ProgramData\Oracle\Java\javapath;C:\Windows\system32;C:\Windows;C:\Windows\System32\Wbem;C:\Windows\System32\WindowsPowerShell\v1.0\;C:\Program Files\Git\cmd;C:\Program Files\Microsoft SQL Server\110\Tools\Binn\;C:\Program Files (x86)\Windows Kits\8.1\Windows Performance Toolkit\;C:\Program Files\MiKTeX 2.9\miktex\bin\x64\;E:\Matlab\runtime\win64;E:\Matlab\bin;C:\Program Files\MATLAB\MATLAB Production Server\R2015a\runtime\win64;C:\Program Files\MATLAB\MATLAB Production Server\R2015a\bin;C:\Program Files\MATLAB\MATLAB Production Server\R2015a\polyspace\bin;E:\Matlab\polyspace\bin;C:\Program Files (x86)\OpenSSH\bin;C:\Program Files (x86)\BaseX\bin;C:\Program Files (x86)\Google\Cloud SDK\google-cloud-sdk\bin;C:\wamp\bin\php\php5.4.3;C:\wamp\www\Reparili;??C:\symmetric-server-3.9.11\bin;C:\Nodejs\;C:\Program Files\Microsoft SQL Server\Client SDK\ODBC\130\Tools\Binn\;C:\Program Files (x86)\Microsoft SQL Server\140\Tools\Binn\;C:\Program Files\Microsoft SQL Server\140\Tools\Binn\;C:\Program Files\Microsoft SQL Server\140\DTS\Binn\;C:\Program Files (x86)\Microsoft SQL Server\140\DTS\Binn\;C:\Program Files (x86)\Microsoft SQL Server\150\DTS\Binn\;C:\Python34\geckodriver.exe
USERNAME=pc
OS=Windows_NT
PROCESSOR_IDENTIFIER=Intel64 Family 6 Model 69 Stepping 1, GenuineIntel



---------------  S Y S T E M  ---------------

OS: Windows 8.1 , 64 bit Build 9600 (6.3.9600.17415)

CPU:total 4 (initial active 4) (2 cores per cpu, 2 threads per core) family 6 model 69 stepping 1, cmov, cx8, fxsr, mmx, sse, sse2, sse3, ssse3, sse4.1, sse4.2, popcnt, avx, avx2, aes, clmul, erms, lzcnt, ht, tsc, tscinvbit, bmi1, bmi2

Memory: 4k page, physical 12476780k(3471988k free), swap 12476780k(1973868k free)

vm_info: OpenJDK 64-Bit Server VM (25.152-b01) for windows-amd64 JRE (1.8.0_152-release-915-b01), built by "builder" with MS VC++ 10.0 (VS2010)

time: Fri May 15 21:24:27 2020
elapsed time: 34343 seconds (0d 9h 32m 23s)

